Using pre-set license
Built from '2020.3/staging' branch; Version is '2020.3.24f1 (79c78de19888) revision 7980941'; Using compiler version '192528614'; Build Type 'Release'
OS: 'Windows 11  (10.0.22000) 64bit Core' Language: 'zh' Physical Memory: 32443 MB
BatchMode: 1, IsHumanControllingUs: 0, StartBugReporterOnCrash: 0, Is64bit: 1, IsPro: 0

COMMAND LINE ARGUMENTS:
C:\Program Files\Unity\Hub\Editor\2020.3.24f1\Editor\Unity.exe
-adb2
-batchMode
-noUpm
-name
AssetImportWorker0
-projectPath
C:/Users/QIU DONGYU/Desktop/manoTest
-logFile
Logs/AssetImportWorker0.log
-srvPort
50767
Successfully changed project path to: C:/Users/QIU DONGYU/Desktop/manoTest
C:/Users/QIU DONGYU/Desktop/manoTest
Using Asset Import Pipeline V2.
Refreshing native plugins compatible for Editor in 32.32 ms, found 2 plugins.
Preloading 0 native plugins for Editor in 0.00 ms.
Initialize engine version: 2020.3.24f1 (79c78de19888)
[Subsystems] Discovering subsystems at path C:/Program Files/Unity/Hub/Editor/2020.3.24f1/Editor/Data/Resources/UnitySubsystems
[Subsystems] Discovering subsystems at path C:/Users/QIU DONGYU/Desktop/manoTest/Assets
GfxDevice: creating device client; threaded=0
Direct3D:
    Version:  Direct3D 11.0 [level 11.1]
    Renderer: NVIDIA GeForce RTX 3080 (ID=0x2206)
    Vendor:   
    VRAM:     10078 MB
    Driver:   30.0.14.9649
Initialize mono
Mono path[0] = 'C:/Program Files/Unity/Hub/Editor/2020.3.24f1/Editor/Data/Managed'
Mono path[1] = 'C:/Program Files/Unity/Hub/Editor/2020.3.24f1/Editor/Data/MonoBleedingEdge/lib/mono/unityjit'
Mono config path = 'C:/Program Files/Unity/Hub/Editor/2020.3.24f1/Editor/Data/MonoBleedingEdge/etc'
Using monoOptions --debugger-agent=transport=dt_socket,embedding=1,server=y,suspend=n,address=127.0.0.1:56324
Begin MonoManager ReloadAssembly
Registering precompiled unity dll's ...
Register platform support module: C:/Program Files/Unity/Hub/Editor/2020.3.24f1/Editor/Data/PlaybackEngines/WindowsStandaloneSupport/UnityEditor.WindowsStandalone.Extensions.dll
Registered in 0.002401 seconds.
Native extension for WindowsStandalone target not found
Refreshing native plugins compatible for Editor in 26.23 ms, found 2 plugins.
Preloading 0 native plugins for Editor in 0.00 ms.
Mono: successfully reloaded assembly
- Completed reload, in  0.372 seconds
Domain Reload Profiling:
	ReloadAssembly (372ms)
		BeginReloadAssembly (35ms)
			ExecutionOrderSort (0ms)
			DisableScriptedObjects (0ms)
			BackupInstance (0ms)
			ReleaseScriptingObjects (0ms)
			CreateAndSetChildDomain (1ms)
		EndReloadAssembly (285ms)
			LoadAssemblies (32ms)
			RebuildTransferFunctionScriptingTraits (0ms)
			SetupTypeCache (86ms)
			ReleaseScriptCaches (0ms)
			RebuildScriptCaches (18ms)
			SetupLoadedEditorAssemblies (108ms)
				LogAssemblyErrors (0ms)
				InitializePlatformSupportModulesInManaged (3ms)
				SetLoadedEditorAssemblies (0ms)
				RefreshPlugins (26ms)
				BeforeProcessingInitializeOnLoad (11ms)
				ProcessInitializeOnLoadAttributes (50ms)
				ProcessInitializeOnLoadMethodAttributes (18ms)
				AfterProcessingInitializeOnLoad (0ms)
				EditorAssembliesLoaded (0ms)
			ExecutionOrderSort2 (0ms)
			AwakeInstancesAfterBackupRestoration (0ms)
Platform modules already initialized, skipping
Registering precompiled user dll's ...
Registered in 0.004265 seconds.
Begin MonoManager ReloadAssembly
Native extension for WindowsStandalone target not found
Refreshing native plugins compatible for Editor in 0.40 ms, found 2 plugins.
Preloading 0 native plugins for Editor in 0.00 ms.
Setting up ManoMotion Library Requirements
UnityEngine.StackTraceUtility:ExtractStackTrace ()
UnityEngine.DebugLogHandler:LogFormat (UnityEngine.LogType,UnityEngine.Object,string,object[])
UnityEngine.Logger:Log (UnityEngine.LogType,object)
UnityEngine.Debug:Log (object)
ManoMotionSetup:.cctor () (at Assets/Editor/ManoMotionSetup.cs:17)
System.Runtime.CompilerServices.RuntimeHelpers:RunClassConstructor (System.RuntimeTypeHandle)
UnityEditor.EditorAssemblies:ProcessInitializeOnLoadAttributes (System.Type[])

(Filename: Assets/Editor/ManoMotionSetup.cs Line: 17)

Successfully set up ManoMotion Library Requirements
UnityEngine.StackTraceUtility:ExtractStackTrace ()
UnityEngine.DebugLogHandler:LogFormat (UnityEngine.LogType,UnityEngine.Object,string,object[])
UnityEngine.Logger:Log (UnityEngine.LogType,object)
UnityEngine.Debug:Log (object)
ManoMotionSetup:.cctor () (at Assets/Editor/ManoMotionSetup.cs:23)
System.Runtime.CompilerServices.RuntimeHelpers:RunClassConstructor (System.RuntimeTypeHandle)
UnityEditor.EditorAssemblies:ProcessInitializeOnLoadAttributes (System.Type[])

(Filename: Assets/Editor/ManoMotionSetup.cs Line: 23)

Mono: successfully reloaded assembly
- Completed reload, in  0.710 seconds
Domain Reload Profiling:
	ReloadAssembly (710ms)
		BeginReloadAssembly (113ms)
			ExecutionOrderSort (0ms)
			DisableScriptedObjects (3ms)
			BackupInstance (0ms)
			ReleaseScriptingObjects (0ms)
			CreateAndSetChildDomain (12ms)
		EndReloadAssembly (544ms)
			LoadAssemblies (82ms)
			RebuildTransferFunctionScriptingTraits (0ms)
			SetupTypeCache (172ms)
			ReleaseScriptCaches (0ms)
			RebuildScriptCaches (28ms)
			SetupLoadedEditorAssemblies (219ms)
				LogAssemblyErrors (0ms)
				InitializePlatformSupportModulesInManaged (3ms)
				SetLoadedEditorAssemblies (0ms)
				RefreshPlugins (0ms)
				BeforeProcessingInitializeOnLoad (69ms)
				ProcessInitializeOnLoadAttributes (132ms)
				ProcessInitializeOnLoadMethodAttributes (6ms)
				AfterProcessingInitializeOnLoad (8ms)
				EditorAssembliesLoaded (0ms)
			ExecutionOrderSort2 (0ms)
			AwakeInstancesAfterBackupRestoration (6ms)
Platform modules already initialized, skipping
========================================================================
Worker process is ready to serve import requests
Launched and connected shader compiler UnityShaderCompiler.exe after 0.03 seconds
Refreshing native plugins compatible for Editor in 0.38 ms, found 2 plugins.
Preloading 0 native plugins for Editor in 0.00 ms.
Unloading 1956 Unused Serialized files (Serialized files now loaded: 0)
System memory in use before: 84.3 MB.
System memory in use after: 84.4 MB.

Unloading 24 unused Assets to reduce memory usage. Loaded Objects now: 2386.
Total: 2.174500 ms (FindLiveObjects: 0.148600 ms CreateObjectMapping: 0.050500 ms MarkObjects: 1.898300 ms  DeleteObjects: 0.075700 ms)

AssetImportParameters requested are different than current active one (requested -> active):
  custom:framework-win-MediaFoundation: 216162199b28c13a410421893ffa2e32 -> 
  custom:video-decoder-ogg-theora: a1e56fd34408186e4bbccfd4996cb3dc -> 
  custom:container-muxer-webm: aa71ff27fc2769a1b78a27578f13a17b -> 
  custom:container-demuxer-webm: 4f35f7cbe854078d1ac9338744f61a02 -> 
  custom:container-demuxer-ogg: 62fdf1f143b41e24485cea50d1cbac27 -> 
  custom:video-encoder-webm-vp8: eb34c28f22e8b96e1ab97ce403110664 -> 
  custom:video-codec-MediaFoundation-h265: 746d11721c4dcdbdad8f713fa42b33f4 -> 
  custom:video-decoder-webm-vp8: 9c59270c3fd7afecdb556c50c9e8de78 -> 
  custom:audio-decoder-ogg-vorbis: bf7c407c2cedff20999df2af8eb42d56 -> 
  custom:audio-encoder-webm-vorbis: bf7c407c2cedff20999df2af8eb42d56 -> 
========================================================================
Received Import Request.
  path: Assets/ManoMotion ARFoundation/Prefabs/ARManomotionManager.prefab
  artifactKey: Guid(d51db39ed46eb16419119819e79cc835) Importer(815301076,1909f56bfc062723c751e8b465ee728b)
Start importing Assets/ManoMotion ARFoundation/Prefabs/ARManomotionManager.prefab using Guid(d51db39ed46eb16419119819e79cc835) Importer(815301076,1909f56bfc062723c751e8b465ee728b)  -> (artifact id: '12e0d8fd9b3018c196d6dad71197818c') in 0.031819 seconds 
  Import took 0.034048 seconds .

========================================================================
Received Import Request.
  Time since last request: 0.000247 seconds.
  path: Assets/ManoMotion ARFoundation/Prefabs
  artifactKey: Guid(dab65d58b30c1dd4f91eb70e35d00dac) Importer(815301076,1909f56bfc062723c751e8b465ee728b)
Start importing Assets/ManoMotion ARFoundation/Prefabs using Guid(dab65d58b30c1dd4f91eb70e35d00dac) Importer(815301076,1909f56bfc062723c751e8b465ee728b)  -> (artifact id: '9de2f14c8315c760b20a34468bd462cf') in 0.001837 seconds 
  Import took 0.003977 seconds .

========================================================================
Received Import Request.
  Time since last request: 14.817171 seconds.
  path: Assets/ManoMotion ARFoundation/Prefabs/ARManomotionManager.prefab
  artifactKey: Guid(d51db39ed46eb16419119819e79cc835) Importer(815301076,1909f56bfc062723c751e8b465ee728b)
Start importing Assets/ManoMotion ARFoundation/Prefabs/ARManomotionManager.prefab using Guid(d51db39ed46eb16419119819e79cc835) Importer(815301076,1909f56bfc062723c751e8b465ee728b)  -> (artifact id: '2f119bfeb223157fbbf10aae5fcefa1e') in 0.003592 seconds 
  Import took 0.005755 seconds .

========================================================================
Received Import Request.
  Time since last request: 3.724302 seconds.
  path: Assets/Manomotion
  artifactKey: Guid(d12657da80d2b8c498b1658945f1adb7) Importer(815301076,1909f56bfc062723c751e8b465ee728b)
Start importing Assets/Manomotion using Guid(d12657da80d2b8c498b1658945f1adb7) Importer(815301076,1909f56bfc062723c751e8b465ee728b)  -> (artifact id: '0a8a5c1fb823284b7b9b6ad3c1be875c') in 0.002009 seconds 
  Import took 0.004436 seconds .

========================================================================
Received Import Request.
  Time since last request: 13.904692 seconds.
  path: Assets/Manomotion/Prefabs
  artifactKey: Guid(dbadc396d049c284c8b6f7f1069305f2) Importer(815301076,1909f56bfc062723c751e8b465ee728b)
Start importing Assets/Manomotion/Prefabs using Guid(dbadc396d049c284c8b6f7f1069305f2) Importer(815301076,1909f56bfc062723c751e8b465ee728b)  -> (artifact id: 'f8907bef291959e1c926f551aba8c871') in 0.001878 seconds 
  Import took 0.004078 seconds .

========================================================================
Received Import Request.
  Time since last request: 1.889458 seconds.
  path: Assets/Manomotion/Prefabs/ManomotionCanvas.prefab
  artifactKey: Guid(0f8504ddba966c5459c5954aff90da2d) Importer(815301076,1909f56bfc062723c751e8b465ee728b)
Start importing Assets/Manomotion/Prefabs/ManomotionCanvas.prefab using Guid(0f8504ddba966c5459c5954aff90da2d) Importer(815301076,1909f56bfc062723c751e8b465ee728b)  -> (artifact id: '2923574a79e3e4ed05cf12f1a0035d3c') in 0.013408 seconds 
  Import took 0.015713 seconds .

========================================================================
Received Import Request.
  Time since last request: 0.464834 seconds.
  path: Assets/Manomotion/Prefabs/ManomotionManager.prefab
  artifactKey: Guid(3b19460acec7fad4baeab3db2a8268e1) Importer(815301076,1909f56bfc062723c751e8b465ee728b)
Start importing Assets/Manomotion/Prefabs/ManomotionManager.prefab using Guid(3b19460acec7fad4baeab3db2a8268e1) Importer(815301076,1909f56bfc062723c751e8b465ee728b)  -> (artifact id: 'a5073b15aae6dac73643025bf3fe47d5') in 0.003379 seconds 
  Import took 0.005534 seconds .

========================================================================
Received Import Request.
  Time since last request: 5.560360 seconds.
  path: Assets/Manomotion/Prefabs/ManomotionManager.prefab
  artifactKey: Guid(3b19460acec7fad4baeab3db2a8268e1) Importer(815301076,1909f56bfc062723c751e8b465ee728b)
Start importing Assets/Manomotion/Prefabs/ManomotionManager.prefab using Guid(3b19460acec7fad4baeab3db2a8268e1) Importer(815301076,1909f56bfc062723c751e8b465ee728b)  -> (artifact id: '495907d97bf24e54a06c2ee390c4b359') in 0.003636 seconds 
  Import took 0.005942 seconds .

AssetImportWorkerClient::OnTransportError - code=2 error=End of file
